<?xml version="1.0" encoding="UTF-8"?>
<testsuite name="br.com.codenation.StatisticUtilTest" tests="1" skipped="0" failures="0" errors="0" timestamp="2020-07-18T02:10:02" hostname="WINAPZTVX9WSSNY" time="0.005">
  <properties/>
  <testcase name="testMedian" classname="br.com.codenation.StatisticUtilTest" time="0.005"/>
  <system-out><![CDATA[]]></system-out>
  <system-err><![CDATA[]]></system-err>
</testsuite>
