<?xml version="1.0" encoding="UTF-8"?>
<testsuite name="challenge.CriptografiaCesarianaSubmissionTest" tests="10" skipped="0" failures="0" errors="0" timestamp="2020-06-28T15:40:46" hostname="Riok" time="0.017">
  <properties/>
  <testcase name="deveRetornarErroQuandoCriptografaTextoEhNulo" classname="challenge.CriptografiaCesarianaSubmissionTest" time="0.001"/>
  <testcase name="deveConverterCaracteresParaMinusculoNaDescriptografia" classname="challenge.CriptografiaCesarianaSubmissionTest" time="0.003"/>
  <testcase name="deveManterOsNumerosNaCriptografia" classname="challenge.CriptografiaCesarianaSubmissionTest" time="0.001"/>
  <testcase name="deveConverterCaracteresParaMinusculoNaCriptografia" classname="challenge.CriptografiaCesarianaSubmissionTest" time="0.001"/>
  <testcase name="deveManterOsNumerosNaDescriptografia" classname="challenge.CriptografiaCesarianaSubmissionTest" time="0.001"/>
  <testcase name="deveRetornarErroQuandoDesCriptografaTextoEhNulo" classname="challenge.CriptografiaCesarianaSubmissionTest" time="0.0"/>
  <testcase name="deveRetornarErroQuandoODesCriptografaTextoEhVazio" classname="challenge.CriptografiaCesarianaSubmissionTest" time="0.0"/>
  <testcase name="deveCriptografarTexto" classname="challenge.CriptografiaCesarianaSubmissionTest" time="0.003"/>
  <testcase name="deveRetornarErroQuandoOCriptografaTextoEhVazio" classname="challenge.CriptografiaCesarianaSubmissionTest" time="0.0"/>
  <testcase name="deveDescriptografarTexto" classname="challenge.CriptografiaCesarianaSubmissionTest" time="0.002"/>
  <system-out><![CDATA[97
112
114
101
110
100
101
114
106
97
118
97
103
101
114
97
102
101
108
105
99
105
100
97
100
101
118
104
109
100
112
101
104
112
121
108
113
103
114
118
100
114
100
102
104
111
104
117
100
101
117
100
118
108
111
100
115
117
104
113
103
104
117
109
100
121
100
106
104
117
100
105
104
111
108
102
108
103
100
103
104
115
101
106
97
109
98
101
109
118
105
110
100
111
115
97
111
97
99
101
108
101
114
97
98
114
97
115
105
108
100
111
108
106
104
108
117
100
117
100
115
114
118
100
112
100
117
117
114
112
118
100
111
119
114
120
118
114
101
117
104
114
102
100
102
107
114
117
117
114
102
100
113
118
100
103
114
97
108
105
103
101
105
114
97
114
97
112
111
115
97
109
97
114
114
111
109
115
97
108
116
111
117
115
111
98
114
101
111
99
97
99
104
111
114
114
111
99
97
110
115
97
100
111
]]></system-out>
  <system-err><![CDATA[]]></system-err>
</testsuite>
