<?xml version="1.0" encoding="UTF-8"?>
<testsuite name="challenge.EstacionamentoTest" tests="1" skipped="0" failures="0" errors="0" timestamp="2020-07-18T06:26:53" hostname="Riok" time="0.003">
  <properties/>
  <testcase name="naoDeveUltrapassarEstacionamento" classname="challenge.EstacionamentoTest" time="0.003"/>
  <system-out><![CDATA[]]></system-out>
  <system-err><![CDATA[]]></system-err>
</testsuite>
